<?xml version="1.0" encoding="UTF-8"?>
<!-- Generated by org.testng.reporters.JUnitReportReporter -->
<testsuite hostname="ULTP_434" name="Pack2.NewTest1" tests="1" failures="0" timestamp="18 Oct 2018 16:02:11 GMT" time="0.000" errors="0">
  <testcase name="f1" time="0.000" classname="Pack2.NewTest1"/>
</testsuite> <!-- Pack2.NewTest1 -->
