<?xml version="1.0" encoding="UTF-8"?>
<!-- Generated by org.testng.reporters.JUnitReportReporter -->
<testsuite hostname="ULTP_434" name="test.MewTest" tests="1" failures="0" timestamp="24 Oct 2018 03:48:00 GMT" time="0.008" errors="0">
  <testcase name="f1" time="0.008" classname="test.MewTest"/>
</testsuite> <!-- test.MewTest -->
