<?xml version="1.0" encoding="UTF-8"?>
<!-- Generated by org.testng.reporters.JUnitReportReporter -->
<testsuite hostname="ULTP_434" name="test.NewTest1" tests="1" failures="0" timestamp="18 Oct 2018 15:44:03 GMT" time="0.000" errors="0">
  <testcase name="f1" time="0.000" classname="test.NewTest1"/>
</testsuite> <!-- test.NewTest1 -->
