<?xml version="1.0" encoding="UTF-8"?>
<!-- Generated by org.testng.reporters.JUnitReportReporter -->
<testsuite hostname="ULTP_434" name="Pack2.FrameWork1" tests="1" failures="0" timestamp="24 Oct 2018 04:33:34 GMT" time="16.908" errors="0">
  <testcase name="f" time="16.908" classname="Pack2.FrameWork1"/>
</testsuite> <!-- Pack2.FrameWork1 -->
