<?xml version="1.0" encoding="UTF-8"?>
<!-- Generated by org.testng.reporters.JUnitReportReporter -->
<testsuite hostname="ULTP_434" name="test.LoginCRMApplication" tests="3" failures="0" timestamp="1 Nov 2018 04:22:58 GMT" time="22.891" errors="0">
  <testcase name="VerifyForgetPassword" time="0.168" classname="test.LoginCRMApplication"/>
  <testcase name="LoginWithValidCredential" time="9.607" classname="test.LoginCRMApplication"/>
  <testcase name="OpenCRMApp" time="13.116" classname="test.LoginCRMApplication"/>
</testsuite> <!-- test.LoginCRMApplication -->
