<?xml version="1.0" encoding="UTF-8"?>
<!-- Generated by org.testng.reporters.JUnitReportReporter -->
<testsuite hostname="ULTP_434" name="test.Test2" tests="1" failures="0" timestamp="18 Oct 2018 15:39:43 GMT" time="0.015" errors="0">
  <testcase name="f1" time="0.015" classname="test.Test2"/>
</testsuite> <!-- test.Test2 -->
