<?xml version="1.0" encoding="UTF-8"?>
<!-- Generated by org.testng.reporters.JUnitReportReporter -->
<testsuite hostname="ULTP_434" name="Pack2.NewTest" tests="1" failures="0" timestamp="22 Oct 2018 03:05:01 GMT" time="19.035" errors="0">
  <testcase name="f" time="19.035" classname="Pack2.NewTest"/>
</testsuite> <!-- Pack2.NewTest -->
