<?xml version="1.0" encoding="UTF-8"?>
<!-- Generated by org.testng.reporters.JUnitReportReporter -->
<testsuite hostname="ULTP_434" name="test.NewTest" tests="1" failures="0" timestamp="31 Oct 2018 05:23:10 GMT" time="0.014" errors="0">
  <testcase name="f" time="0.014" classname="test.NewTest"/>
</testsuite> <!-- test.NewTest -->
