<?xml version="1.0" encoding="UTF-8"?>
<!-- Generated by org.testng.reporters.JUnitReportReporter -->
<testsuite hostname="ULTP_434" name="RegressionTestCase.FirstAnnotationClass" tests="2" failures="0" timestamp="23 Oct 2018 04:44:58 GMT" time="0.018" errors="0">
  <testcase name="f" time="0.003" classname="RegressionTestCase.FirstAnnotationClass"/>
  <testcase name="f1" time="0.015" classname="RegressionTestCase.FirstAnnotationClass"/>
</testsuite> <!-- RegressionTestCase.FirstAnnotationClass -->
