<?xml version="1.0" encoding="UTF-8"?>
<!-- Generated by org.testng.reporters.JUnitReportReporter -->
<testsuite hostname="ULTP_434" name="RegressionTestCase.SeleniumWait" tests="1" failures="0" timestamp="26 Oct 2018 04:59:20 GMT" time="27.157" errors="0">
  <testcase name="f" time="27.157" classname="RegressionTestCase.SeleniumWait"/>
</testsuite> <!-- RegressionTestCase.SeleniumWait -->
