<?xml version="1.0" encoding="UTF-8"?>
<!-- Generated by org.testng.reporters.JUnitReportReporter -->
<testsuite hostname="ULTP_434" name="RegressionTestCase.DataProviderDemo" tests="4" failures="0" timestamp="20 Oct 2018 03:55:26 GMT" time="58.002" errors="0">
  <testcase name="Login" time="15.871" classname="RegressionTestCase.DataProviderDemo"/>
  <testcase name="Login" time="13.860" classname="RegressionTestCase.DataProviderDemo"/>
  <testcase name="Login" time="14.151" classname="RegressionTestCase.DataProviderDemo"/>
  <testcase name="Login" time="14.120" classname="RegressionTestCase.DataProviderDemo"/>
</testsuite> <!-- RegressionTestCase.DataProviderDemo -->
