<?xml version="1.0" encoding="UTF-8"?>
<!-- Generated by org.testng.reporters.JUnitReportReporter -->
<testsuite hostname="ULTP_434" name="RegressionTestCase.SCreenShot" tests="1" failures="0" timestamp="25 Oct 2018 04:20:37 GMT" time="0.044" errors="0">
  <testcase name="f" time="0.044" classname="RegressionTestCase.SCreenShot"/>
</testsuite> <!-- RegressionTestCase.SCreenShot -->
