<?xml version="1.0" encoding="UTF-8"?>
<!-- Generated by org.testng.reporters.JUnitReportReporter -->
<testsuite hostname="ULTP_434" name="test.Calender" tests="1" failures="0" timestamp="1 Nov 2018 04:22:58 GMT" time="12.286" errors="0">
  <testcase name="f" time="12.286" classname="test.Calender"/>
</testsuite> <!-- test.Calender -->
